#
# There is insufficient memory for the Java Runtime Environment to continue.
# Native memory allocation (malloc) failed to allocate 1453376 bytes for Chunk::new
# Possible reasons:
#   The system is out of physical RAM or swap space
#   In 32 bit mode, the process size limit was hit
# Possible solutions:
#   Reduce memory load on the system
#   Increase physical memory or swap space
#   Check if swap backing store is full
#   Use 64 bit Java on a 64 bit OS
#   Decrease Java heap size (-Xmx/-Xms)
#   Decrease number of Java threads
#   Decrease Java thread stack sizes (-Xss)
#   Set larger code cache with -XX:ReservedCodeCacheSize=
# This output file may be truncated or incomplete.
#
#  Out of Memory Error (allocation.cpp:390), pid=6488, tid=7492
#
# JRE version: Java(TM) SE Runtime Environment (8.0_60-b27) (build 1.8.0_60-b27)
# Java VM: Java HotSpot(TM) 64-Bit Server VM (25.60-b23 mixed mode windows-amd64 compressed oops)
# Failed to write core dump. Minidumps are not enabled by default on client versions of Windows
#

---------------  T H R E A D  ---------------

Current thread (0x0000000016d95800):  JavaThread "C2 CompilerThread1" daemon [_thread_in_native, id=7492, stack(0x0000000017140000,0x0000000017240000)]

Stack: [0x0000000017140000,0x0000000017240000]
[error occurred during error reporting (printing stack bounds), id 0xc0000005]

Native frames: (J=compiled Java code, j=interpreted, Vv=VM code, C=native code)


Current CompileTask:
C2:   3518 1261   !   4       com.android.dx.cf.code.BytecodeArray::parseInstruction (2764 bytes)


---------------  P R O C E S S  ---------------

Java Threads: ( => current thread )
  0x0000000016efa000 JavaThread "pool-1-thread-2" [_thread_in_Java, id=8408, stack(0x0000000017740000,0x0000000017840000)]
  0x0000000016ef7000 JavaThread "pool-2-thread-1" [_thread_blocked, id=8580, stack(0x0000000017640000,0x0000000017740000)]
  0x0000000016da2000 JavaThread "Service Thread" daemon [_thread_blocked, id=6932, stack(0x0000000017340000,0x0000000017440000)]
  0x0000000016d9b800 JavaThread "C1 CompilerThread2" daemon [_thread_in_native, id=6300, stack(0x0000000017240000,0x0000000017340000)]
=>0x0000000016d95800 JavaThread "C2 CompilerThread1" daemon [_thread_in_native, id=7492, stack(0x0000000017140000,0x0000000017240000)]
  0x000000001573c000 JavaThread "C2 CompilerThread0" daemon [_thread_in_native, id=280, stack(0x0000000016c40000,0x0000000016d40000)]
  0x00000000156ef000 JavaThread "Attach Listener" daemon [_thread_blocked, id=7372, stack(0x0000000016b40000,0x0000000016c40000)]
  0x00000000156ee000 JavaThread "Signal Dispatcher" daemon [_thread_blocked, id=6540, stack(0x0000000016a40000,0x0000000016b40000)]
  0x0000000003006000 JavaThread "Finalizer" daemon [_thread_blocked, id=1628, stack(0x0000000016940000,0x0000000016a40000)]
  0x0000000002ffd800 JavaThread "Reference Handler" daemon [_thread_blocked, id=220, stack(0x0000000016840000,0x0000000016940000)]
  0x0000000002e0e000 JavaThread "main" [_thread_blocked, id=7836, stack(0x0000000002e10000,0x0000000002f10000)]

Other Threads:
  0x00000000156a8000 VMThread [stack: 0x0000000016740000,0x0000000016840000] [id=2316]
  0x0000000016dee800 WatcherThread [stack: 0x0000000017440000,0x0000000017540000] [id=6356]

VM state:not at safepoint (normal execution)

VM Mutex/Monitor currently owned by a thread: None

Heap:
 PSYoungGen      total 38400K, used 8049K [0x00000000eab00000, 0x00000000ef600000, 0x0000000100000000)
  eden space 33280K, 8% used [0x00000000eab00000,0x00000000eade17b0,0x00000000ecb80000)
  from space 5120K, 99% used [0x00000000ecb80000,0x00000000ed07ad40,0x00000000ed080000)
  to   space 5120K, 0% used [0x00000000ef100000,0x00000000ef100000,0x00000000ef600000)
 ParOldGen       total 87552K, used 1253K [0x00000000c0000000, 0x00000000c5580000, 0x00000000eab00000)
  object space 87552K, 1% used [0x00000000c0000000,0x00000000c0139430,0x00000000c5580000)
 Metaspace       used 6084K, capacity 6968K, committed 7040K, reserved 1056768K
  class space    used 608K, capacity 624K, committed 640K, reserved 1048576K

Card table byte_map: [0x00000000123d0000,0x00000000125e0000] byte_map_base: 0x0000000011dd0000

Marking Bits: (ParMarkBitMap*) 0x0000000061b6a5b0
 Begin Bits: [0x0000000012b40000, 0x0000000013b40000)
 End Bits:   [0x0000000013b40000, 0x0000000014b40000)

Polling page: 0x0000000002d30000

CodeCache: size=245760Kb used=5191Kb max_used=5191Kb free=240568Kb
 bounds [0x0000000003010000, 0x0000000003530000, 0x0000000012010000]
 total_blobs=1550 nmethods=1279 adapters=184
 compilation: enabled

Compilation events (10 events):
Event: 3.504 Thread 0x0000000016d9b800 1281       3       com.android.dx.rop.type.Type::compareTo (9 bytes)
Event: 3.504 Thread 0x0000000016d9b800 nmethod 1281 0x0000000003522090 code [0x0000000003522200, 0x00000000035225e8]
Event: 3.504 Thread 0x0000000016d9b800 1282       1       com.android.dx.rop.annotation.Annotation::getType (5 bytes)
Event: 3.504 Thread 0x0000000016d9b800 nmethod 1282 0x0000000003522750 code [0x00000000035228a0, 0x00000000035229b0]
Event: 3.507 Thread 0x0000000016d9b800 1283       3       com.android.dx.rop.cst.CstBaseMethodRef::isInstanceInit (8 bytes)
Event: 3.507 Thread 0x0000000016d9b800 nmethod 1283 0x0000000003522a10 code [0x0000000003522b80, 0x0000000003522fa8]
Event: 3.511 Thread 0x0000000016d9b800 1284       3       com.android.dx.cf.code.SwitchList::add (35 bytes)
Event: 3.512 Thread 0x0000000016d9b800 nmethod 1284 0x0000000003523110 code [0x00000000035232c0, 0x0000000003523878]
Event: 3.514 Thread 0x0000000016d9b800 1286       3       com.android.dx.cf.code.Simulator$SimVisitor::checkReturnType (64 bytes)
Event: 3.515 Thread 0x0000000016d9b800 nmethod 1286 0x0000000003523ad0 code [0x0000000003523d20, 0x0000000003524aa8]

GC Heap History (2 events):
Event: 3.199 GC heap before
{Heap before GC invocations=1 (full 0):
 PSYoungGen      total 38400K, used 33280K [0x00000000eab00000, 0x00000000ed580000, 0x0000000100000000)
  eden space 33280K, 100% used [0x00000000eab00000,0x00000000ecb80000,0x00000000ecb80000)
  from space 5120K, 0% used [0x00000000ed080000,0x00000000ed080000,0x00000000ed580000)
  to   space 5120K, 0% used [0x00000000ecb80000,0x00000000ecb80000,0x00000000ed080000)
 ParOldGen       total 87552K, used 0K [0x00000000c0000000, 0x00000000c5580000, 0x00000000eab00000)
  object space 87552K, 0% used [0x00000000c0000000,0x00000000c0000000,0x00000000c5580000)
 Metaspace       used 6070K, capacity 6968K, committed 7040K, reserved 1056768K
  class space    used 608K, capacity 624K, committed 640K, reserved 1048576K
Event: 3.473 GC heap after
Heap after GC invocations=1 (full 0):
 PSYoungGen      total 38400K, used 5099K [0x00000000eab00000, 0x00000000ef600000, 0x0000000100000000)
  eden space 33280K, 0% used [0x00000000eab00000,0x00000000eab00000,0x00000000ecb80000)
  from space 5120K, 99% used [0x00000000ecb80000,0x00000000ed07ad40,0x00000000ed080000)
  to   space 5120K, 0% used [0x00000000ef100000,0x00000000ef100000,0x00000000ef600000)
 ParOldGen       total 87552K, used 1253K [0x00000000c0000000, 0x00000000c5580000, 0x00000000eab00000)
  object space 87552K, 1% used [0x00000000c0000000,0x00000000c0139430,0x00000000c5580000)
 Metaspace       used 6070K, capacity 6968K, committed 7040K, reserved 1056768K
  class space    used 608K, capacity 624K, committed 640K, reserved 1048576K
}

Deoptimization events (10 events):
Event: 2.718 Thread 0x0000000016fbf800 Uncommon trap: reason=null_check action=make_not_entrant pc=0x0000000003371e28 method=com.android.dx.rop.type.Type.equals(Ljava/lang/Object;)Z @ 8
Event: 2.820 Thread 0x0000000016efa000 Uncommon trap: reason=unstable_if action=reinterpret pc=0x00000000034748fc method=com.android.dx.util.IntList.binarysearch(I)I @ 105
Event: 2.855 Thread 0x0000000016fc0000 Uncommon trap: reason=unstable_if action=reinterpret pc=0x0000000003376020 method=com.android.dx.rop.code.RegisterSpecSet.put(Lcom/android/dx/rop/code/RegisterSpec;)V @ 77
Event: 2.864 Thread 0x0000000016fc0000 Uncommon trap: reason=bimorphic action=maybe_recompile pc=0x000000000335526c method=java.util.HashMap.getNode(ILjava/lang/Object;)Ljava/util/HashMap$Node; @ 126
Event: 2.864 Thread 0x0000000016fc0000 Uncommon trap: reason=class_check action=maybe_recompile pc=0x000000000341857c method=java.util.HashMap.putVal(ILjava/lang/Object;Ljava/lang/Object;ZZ)Ljava/lang/Object; @ 203
Event: 3.152 Thread 0x0000000016fbf800 Uncommon trap: reason=unstable_if action=reinterpret pc=0x00000000033a3178 method=com.android.dx.rop.code.RegisterSpec.equals(ILcom/android/dx/rop/type/TypeBearer;Lcom/android/dx/rop/code/LocalItem;)Z @ 42
Event: 3.174 Thread 0x0000000016fbf800 Uncommon trap: reason=bimorphic action=maybe_recompile pc=0x0000000003504470 method=com.android.dx.cf.code.BytecodeArray.parseInstruction(ILcom/android/dx/cf/code/BytecodeArray$Visitor;)I @ 1035
Event: 3.174 Thread 0x0000000016fbf800 Uncommon trap: reason=bimorphic action=maybe_recompile pc=0x00000000035044ec method=com.android.dx.cf.code.BytecodeArray.parseInstruction(ILcom/android/dx/cf/code/BytecodeArray$Visitor;)I @ 1051
Event: 3.174 Thread 0x0000000016fbf800 Uncommon trap: reason=bimorphic action=maybe_recompile pc=0x00000000035044ec method=com.android.dx.cf.code.BytecodeArray.parseInstruction(ILcom/android/dx/cf/code/BytecodeArray$Visitor;)I @ 1051
Event: 3.174 Thread 0x0000000016fbf800 Uncommon trap: reason=bimorphic action=maybe_recompile pc=0x0000000003504470 method=com.android.dx.cf.code.BytecodeArray.parseInstruction(ILcom/android/dx/cf/code/BytecodeArray$Visitor;)I @ 1035

Internal exceptions (3 events):
Event: 0.105 Thread 0x0000000002e0e000 Exception <a 'java/lang/NoSuchMethodError': Method sun.misc.Unsafe.defineClass(Ljava/lang/String;[BII)Ljava/lang/Class; name or signature does not match> (0x00000000eab12e38) thrown at [C:\re\workspace\8-2-build-windows-amd64-cygwin\jdk8u60\4407\hotspot\srËçÑM
Þº?
Event: 0.105 Thread 0x0000000002e0e000 Exception <a 'java/lang/NoSuchMethodError': Method sun.misc.Unsafe.prefetchRead(Ljava/lang/Object;J)V name or signature does not match> (0x00000000eab13120) thrown at [C:\re\workspace\8-2-build-windows-amd64-cygwin\jdk8u60\4407\hotspot\src\share\vm\prims\j½°™¹Ÿ¾@
Event: 2.718 Thread 0x0000000016fbf800 Implicit null exception at 0x0000000003371d22 to 0x0000000003371e1a

Events (10 events):
Event: 3.174 Thread 0x0000000016fbf800 DEOPT PACKING pc=0x00000000035044ec sp=0x000000001793ec70
Event: 3.174 Thread 0x0000000016fbf800 DEOPT UNPACKING pc=0x000000000305582a sp=0x000000001793ebe8 mode 2
Event: 3.174 Thread 0x0000000016fbf800 Uncommon trap: trap_request=0xffffffc6 fr.pc=0x0000000003504470
Event: 3.174 Thread 0x0000000016fbf800 DEOPT PACKING pc=0x0000000003504470 sp=0x000000001793ec70
Event: 3.174 Thread 0x0000000016fbf800 DEOPT UNPACKING pc=0x000000000305582a sp=0x000000001793ebe8 mode 2
Event: 3.182 Executing VM operation: ParallelGCFailedAllocation
Event: 3.473 Executing VM operation: ParallelGCFailedAllocation done
Event: 3.500 Thread 0x0000000016fbf800 Thread exited: 0x0000000016fbf800
Event: 3.513 Thread 0x0000000016ef6800 Thread exited: 0x0000000016ef6800
Event: 3.514 Thread 0x0000000016fc0000 Thread exited: 0x0000000016fc0000


Dynamic libraries:
0x00007ff703950000 - 0x00007ff703987000 	C:\Program Files\Java\jdk1.8.0_60\bin\java.exe
0x00007ffafcfb0000 - 0x00007ffafd15d000 	C:\windows\SYSTEM32\ntdll.dll
0x00007ffafc090000 - 0x00007ffafc1ce000 	C:\windows\system32\KERNEL32.DLL
0x00007ffafa1b0000 - 0x00007ffafa2c5000 	C:\windows\system32\KERNELBASE.dll
0x00007ffaf8cb0000 - 0x00007ffaf8d3e000 	C:\windows\system32\apphelp.dll
0x00007ffaf0770000 - 0x00007ffaf07c3000 	C:\windows\AppPatch\AppPatch64\AcGenral.DLL
0x00007ffafc820000 - 0x00007ffafc8ca000 	C:\windows\system32\msvcrt.dll
0x00007ffafa610000 - 0x00007ffafa63e000 	C:\windows\system32\SspiCli.dll
0x00007ffafa830000 - 0x00007ffafa884000 	C:\windows\system32\SHLWAPI.dll
0x00007ffafc5e0000 - 0x00007ffafc757000 	C:\windows\system32\USER32.dll
0x00007ffafcb70000 - 0x00007ffafcd04000 	C:\windows\system32\ole32.dll
0x00007ffafa900000 - 0x00007ffafbe2a000 	C:\windows\system32\SHELL32.dll
0x00007ffaf9730000 - 0x00007ffaf9751000 	C:\windows\SYSTEM32\USERENV.dll
0x00007ffafc530000 - 0x00007ffafc5da000 	C:\windows\system32\ADVAPI32.dll
0x00007ffaee170000 - 0x00007ffaee18e000 	C:\windows\SYSTEM32\MPR.dll
0x00007ffafcd10000 - 0x00007ffafce50000 	C:\windows\system32\RPCRT4.dll
0x00007ffafc1d0000 - 0x00007ffafc229000 	C:\windows\SYSTEM32\sechost.dll
0x00007ffafc950000 - 0x00007ffafcb61000 	C:\windows\SYSTEM32\combase.dll
0x00007ffafce60000 - 0x00007ffafcfb0000 	C:\windows\system32\GDI32.dll
0x00007ffafa0e0000 - 0x00007ffafa0f5000 	C:\windows\SYSTEM32\profapi.dll
0x00007ffaf81b0000 - 0x00007ffaf8262000 	C:\windows\SYSTEM32\SHCORE.dll
0x00007ffafbe30000 - 0x00007ffafbe66000 	C:\windows\system32\IMM32.DLL
0x00007ffafbe70000 - 0x00007ffafbfc2000 	C:\windows\system32\MSCTF.dll
0x00007ffaf7d30000 - 0x00007ffaf7fab000 	C:\windows\WinSxS\amd64_microsoft.windows.common-controls_6595b64144ccf1df_6.0.9600.18006_none_623f33d3ecbe86e8\COMCTL32.dll
0x0000000061c70000 - 0x0000000061d42000 	C:\Program Files\Java\jdk1.8.0_60\jre\bin\msvcr100.dll
0x0000000061360000 - 0x0000000061be9000 	C:\Program Files\Java\jdk1.8.0_60\jre\bin\server\jvm.dll
0x00007ffaf5160000 - 0x00007ffaf5169000 	C:\windows\SYSTEM32\WSOCK32.dll
0x00007ffaed400000 - 0x00007ffaed422000 	C:\windows\SYSTEM32\WINMM.dll
0x00007ffaf5300000 - 0x00007ffaf530a000 	C:\windows\SYSTEM32\VERSION.dll
0x00007ffafc520000 - 0x00007ffafc527000 	C:\windows\system32\PSAPI.DLL
0x00007ffafc230000 - 0x00007ffafc28a000 	C:\windows\system32\WS2_32.dll
0x00007ffaed3d0000 - 0x00007ffaed3fa000 	C:\windows\SYSTEM32\WINMMBASE.dll
0x00007ffafc510000 - 0x00007ffafc519000 	C:\windows\system32\NSI.dll
0x00007ffafa2d0000 - 0x00007ffafa31f000 	C:\windows\SYSTEM32\cfgmgr32.dll
0x00007ffaf8f10000 - 0x00007ffaf8f38000 	C:\windows\SYSTEM32\DEVOBJ.dll
0x0000000062550000 - 0x000000006255f000 	C:\Program Files\Java\jdk1.8.0_60\jre\bin\verify.dll
0x0000000062520000 - 0x0000000062549000 	C:\Program Files\Java\jdk1.8.0_60\jre\bin\java.dll
0x0000000062500000 - 0x0000000062516000 	C:\Program Files\Java\jdk1.8.0_60\jre\bin\zip.dll

VM Arguments:
jvm_args: -Djava.awt.headless=true -Xmx1024M -Dfile.encoding=GBK -Duser.country=CN -Duser.language=zh -Duser.variant 
java_command: com.android.dx.command.Main --dex --force-jumbo --num-threads=4 --output D:\projects\android\studio\workspace\bqmm-youyun-demo-android\app\build\intermediates\pre-dexed\debug\com.android.support-support-vector-drawable-23.4.0_ddafee76ab419cc8670f10cfaf504d807318a598.jar D:\projects\android\studio\workspace\bqmm-youyun-demo-android\app\build\intermediates\exploded-aar\com.android.support\support-vector-drawable\23.4.0\jars\classes.jar
java_class_path (initial): D:\tools\android\studio\sdk\build-tools\23.0.3\lib\dx.jar
Launcher Type: SUN_STANDARD

Environment Variables:
JAVA_HOME=C:\Program Files\Java\jdk1.8.0_60
CLASSPATH=.;C:\Program Files\Java\jdk1.8.0_60\lib;C:\Program Files\Java\jdk1.8.0_60\lib\tools.jar
PATH=C:\ProgramData\Oracle\Java\javapath;C:\Program Files (x86)\Intel\iCLS Client\;C:\Program Files\Intel\iCLS Client\;C:\windows\system32;C:\windows;C:\windows\System32\Wbem;C:\windows\System32\WindowsPowerShell\v1.0\;C:\Program Files\Intel\Intel(R) Management Engine Components\DAL;C:\Program Files (x86)\Intel\Intel(R) Management Engine Components\DAL;C:\Program Files\Intel\Intel(R) Management Engine Components\IPT;C:\Program Files (x86)\Intel\Intel(R) Management Engine Components\IPT;C:\Program Files (x86)\ATI Technologies\ATI.ACE\Core-Static;C:\ProgramData\Lenovo\ReadyApps;D:\tools\android\eclipse\adt-bundle-windows-x86_64-20140321\platform-tools;C:\Program Files\nodejs\;C:\Program Files\Java\jdk1.8.0_60\bin;C:\Program Files\Java\jdk1.8.0_60\jre\bin;C:\Program Files\nodejs\node_globa
USERNAME=ÎÀ±ë
OS=Windows_NT
PROCESSOR_IDENTIFIER=Intel64 Family 6 Model 69 Stepping 1, GenuineIntel



---------------  S Y S T E M  ---------------

OS: Windows 8.1 , 64 bit Build 9600 (6.3.9600.17415)

CPU:total 4 (2 cores per cpu, 2 threads per core) family 6 model 69 stepping 1, cmov, cx8, fxsr, mmx, sse, sse2, sse3, ssse3, sse4.1, sse4.2, popcnt, avx, avx2, aes, clmul, erms, lzcnt, ht, tsc, tscinvbit, bmi1, bmi2

Memory: 4k page, physical 8310040k(1654000k free), swap 8310040k(5520k free)

vm_info: Java HotSpot(TM) 64-Bit Server VM (25.60-b23) for windows-amd64 JRE (1.8.0_60-b27), built on Aug  4 2015 11:06:27 by "java_re" with MS VC++ 10.0 (VS2010)

time: Thu Sep 08 17:03:39 2016
elapsed time: 3 seconds (0d 0h 0m 3s)

