#
# There is insufficient memory for the Java Runtime Environment to continue.
# Native memory allocation (malloc) failed to allocate 532976 bytes for Chunk::new
# Possible reasons:
#   The system is out of physical RAM or swap space
#   In 32 bit mode, the process size limit was hit
# Possible solutions:
#   Reduce memory load on the system
#   Increase physical memory or swap space
#   Check if swap backing store is full
#   Use 64 bit Java on a 64 bit OS
#   Decrease Java heap size (-Xmx/-Xms)
#   Decrease number of Java threads
#   Decrease Java thread stack sizes (-Xss)
#   Set larger code cache with -XX:ReservedCodeCacheSize=
# This output file may be truncated or incomplete.
#
#  Out of Memory Error (allocation.cpp:390), pid=6280, tid=7740
#
# JRE version: Java(TM) SE Runtime Environment (8.0_60-b27) (build 1.8.0_60-b27)
# Java VM: Java HotSpot(TM) 64-Bit Server VM (25.60-b23 mixed mode windows-amd64 compressed oops)
# Failed to write core dump. Minidumps are not enabled by default on client versions of Windows
#

---------------  T H R E A D  ---------------

Current thread (0x00000000156cc000):  JavaThread "C2 CompilerThread0" daemon [_thread_in_native, id=7740, stack(0x0000000016c10000,0x0000000016d10000)]

Stack: [0x0000000016c10000,0x0000000016d10000]
[error occurred during error reporting (printing stack bounds), id 0xc0000005]

Native frames: (J=compiled Java code, j=interpreted, Vv=VM code, C=native code)


Current CompileTask:
C2:   3870 1244       4       com.android.dx.ssa.LiteralOpUpgrader$1::visitNonMoveInsn (203 bytes)


---------------  P R O C E S S  ---------------

Java Threads: ( => current thread )
  0x0000000016e88800 JavaThread "pool-2-thread-1" [_thread_blocked, id=552, stack(0x0000000017610000,0x0000000017710000)]
  0x0000000016e87800 JavaThread "pool-1-thread-1" [_thread_in_Java, id=5352, stack(0x0000000017510000,0x0000000017610000)]
  0x0000000016d72000 JavaThread "Service Thread" daemon [_thread_blocked, id=2884, stack(0x0000000017310000,0x0000000017410000)]
  0x0000000016d6c000 JavaThread "C1 CompilerThread2" daemon [_thread_blocked, id=7780, stack(0x0000000017210000,0x0000000017310000)]
  0x0000000016d65800 JavaThread "C2 CompilerThread1" daemon [_thread_in_native, id=8432, stack(0x0000000017110000,0x0000000017210000)]
=>0x00000000156cc000 JavaThread "C2 CompilerThread0" daemon [_thread_in_native, id=7740, stack(0x0000000016c10000,0x0000000016d10000)]
  0x000000001567c000 JavaThread "Attach Listener" daemon [_thread_blocked, id=7476, stack(0x0000000016b10000,0x0000000016c10000)]
  0x00000000156c9800 JavaThread "Signal Dispatcher" daemon [_thread_blocked, id=8092, stack(0x0000000016a10000,0x0000000016b10000)]
  0x0000000002f96000 JavaThread "Finalizer" daemon [_thread_blocked, id=8500, stack(0x00000000168c0000,0x00000000169c0000)]
  0x0000000002f8d000 JavaThread "Reference Handler" daemon [_thread_blocked, id=2308, stack(0x00000000167c0000,0x00000000168c0000)]
  0x000000000132e000 JavaThread "main" [_thread_blocked, id=2244, stack(0x0000000002a80000,0x0000000002b80000)]

Other Threads:
  0x0000000015638000 VMThread [stack: 0x00000000166c0000,0x00000000167c0000] [id=7888]
  0x0000000016dbb800 WatcherThread [stack: 0x0000000017410000,0x0000000017510000] [id=8780]

VM state:not at safepoint (normal execution)

VM Mutex/Monitor currently owned by a thread: None

Heap:
 PSYoungGen      total 38400K, used 31306K [0x00000000eab00000, 0x00000000ed580000, 0x0000000100000000)
  eden space 33280K, 94% used [0x00000000eab00000,0x00000000ec992bc0,0x00000000ecb80000)
  from space 5120K, 0% used [0x00000000ed080000,0x00000000ed080000,0x00000000ed580000)
  to   space 5120K, 0% used [0x00000000ecb80000,0x00000000ecb80000,0x00000000ed080000)
 ParOldGen       total 87552K, used 0K [0x00000000c0000000, 0x00000000c5580000, 0x00000000eab00000)
  object space 87552K, 0% used [0x00000000c0000000,0x00000000c0000000,0x00000000c5580000)
 Metaspace       used 6053K, capacity 6968K, committed 7040K, reserved 1056768K
  class space    used 603K, capacity 624K, committed 640K, reserved 1048576K

Card table byte_map: [0x0000000012360000,0x0000000012570000] byte_map_base: 0x0000000011d60000

Marking Bits: (ParMarkBitMap*) 0x0000000061b6a5b0
 Begin Bits: [0x0000000012ad0000, 0x0000000013ad0000)
 End Bits:   [0x0000000013ad0000, 0x0000000014ad0000)

Polling page: 0x00000000012d0000

CodeCache: size=245760Kb used=5357Kb max_used=5357Kb free=240402Kb
 bounds [0x0000000002fa0000, 0x00000000034f0000, 0x0000000011fa0000]
 total_blobs=1540 nmethods=1269 adapters=184
 compilation: enabled

Compilation events (10 events):
Event: 3.719 Thread 0x0000000016d65800 nmethod 1234 0x0000000003496550 code [0x00000000034966e0, 0x0000000003497078]
Event: 3.719 Thread 0x0000000016d65800 1241       4       com.android.dx.rop.code.RopMethod::labelToPredecessors (54 bytes)
Event: 3.728 Thread 0x00000000156cc000 nmethod 1239 0x0000000003495050 code [0x00000000034951e0, 0x0000000003495ab8]
Event: 3.728 Thread 0x00000000156cc000 1242       4       java.util.ArrayList::subListRangeCheck (110 bytes)
Event: 3.729 Thread 0x00000000156cc000 nmethod 1242 0x0000000003415e10 code [0x0000000003415f40, 0x0000000003415fd8]
Event: 3.729 Thread 0x00000000156cc000 1243       4       java.util.ArrayList$SubList::<init> (46 bytes)
Event: 3.731 Thread 0x00000000156cc000 nmethod 1243 0x000000000349b510 code [0x000000000349b640, 0x000000000349b6d8]
Event: 3.770 Thread 0x0000000016d65800 nmethod 1241 0x00000000034b1710 code [0x00000000034b1900, 0x00000000034b2e78]
Event: 3.775 Thread 0x00000000156cc000 1244       4       com.android.dx.ssa.LiteralOpUpgrader$1::visitNonMoveInsn (203 bytes)
Event: 3.776 Thread 0x0000000016d65800 1245       4       com.android.dx.ssa.LiteralOpUpgrader::tryReplacingWithConstant (161 bytes)

GC Heap History (0 events):
No events

Deoptimization events (6 events):
Event: 2.214 Thread 0x0000000016f0a800 Uncommon trap: reason=unstable_if action=reinterpret pc=0x00000000031bc0ec method=java.util.HashMap.getNode(ILjava/lang/Object;)Ljava/util/HashMap$Node; @ 129
Event: 2.817 Thread 0x0000000016f0b800 Uncommon trap: reason=null_check action=make_not_entrant pc=0x00000000032d062c method=com.android.dx.ssa.SsaRenamer.getLocalForNewReg(I)Lcom/android/dx/rop/code/LocalItem; @ 19
Event: 3.367 Thread 0x0000000016f0b800 Uncommon trap: reason=class_check action=maybe_recompile pc=0x000000000327f270 method=com.android.dx.rop.type.Type.equals(Ljava/lang/Object;)Z @ 8
Event: 3.376 Thread 0x0000000016f0b800 Uncommon trap: reason=class_check action=maybe_recompile pc=0x000000000327f270 method=com.android.dx.rop.type.Type.equals(Ljava/lang/Object;)Z @ 8
Event: 3.516 Thread 0x000000000132e000 Uncommon trap: reason=class_check action=maybe_recompile pc=0x000000000327f270 method=com.android.dx.rop.type.Type.equals(Ljava/lang/Object;)Z @ 8
Event: 3.546 Thread 0x0000000016e87800 Uncommon trap: reason=class_check action=maybe_recompile pc=0x000000000327f270 method=com.android.dx.rop.type.Type.equals(Ljava/lang/Object;)Z @ 8

Internal exceptions (3 events):
Event: 0.197 Thread 0x000000000132e000 Exception <a 'java/lang/NoSuchMethodError': Method sun.misc.Unsafe.defineClass(Ljava/lang/String;[BII)Ljava/lang/Class; name or signature does not match> (0x00000000eab13080) thrown at [C:\re\workspace\8-2-build-windows-amd64-cygwin\jdk8u60\4407\hotspot\srä)û/BÉ?
Event: 0.197 Thread 0x000000000132e000 Exception <a 'java/lang/NoSuchMethodError': Method sun.misc.Unsafe.prefetchRead(Ljava/lang/Object;J)V name or signature does not match> (0x00000000eab13368) thrown at [C:\re\workspace\8-2-build-windows-amd64-cygwin\jdk8u60\4407\hotspot\src\share\vm\prims\jI’ØŽˆ@
Event: 2.817 Thread 0x0000000016f0b800 Implicit null exception at 0x00000000032ce85a to 0x00000000032d05e1

Events (10 events):
Event: 3.516 Thread 0x000000000132e000 DEOPT PACKING pc=0x000000000327f270 sp=0x0000000002b7df90
Event: 3.516 Thread 0x000000000132e000 DEOPT UNPACKING pc=0x0000000002fe582a sp=0x0000000002b7dd70 mode 2
Event: 3.526 loading class java/util/HashMap$KeySet
Event: 3.526 loading class java/util/HashMap$KeySet done
Event: 3.526 loading class java/util/HashMap$KeyIterator
Event: 3.526 loading class java/util/HashMap$KeyIterator done
Event: 3.546 Thread 0x0000000016e87800 Uncommon trap: trap_request=0xffffffde fr.pc=0x000000000327f270
Event: 3.546 Thread 0x0000000016e87800 DEOPT PACKING pc=0x000000000327f270 sp=0x000000001760e820
Event: 3.546 Thread 0x0000000016e87800 DEOPT UNPACKING pc=0x0000000002fe582a sp=0x000000001760e600 mode 2
Event: 3.721 Thread 0x0000000016f0b800 Thread exited: 0x0000000016f0b800


Dynamic libraries:
0x00007ff703950000 - 0x00007ff703987000 	C:\Program Files\Java\jdk1.8.0_60\bin\java.exe
0x00007ffafcfb0000 - 0x00007ffafd15d000 	C:\windows\SYSTEM32\ntdll.dll
0x00007ffafc090000 - 0x00007ffafc1ce000 	C:\windows\system32\KERNEL32.DLL
0x00007ffafa1b0000 - 0x00007ffafa2c5000 	C:\windows\system32\KERNELBASE.dll
0x00007ffaf8cb0000 - 0x00007ffaf8d3e000 	C:\windows\system32\apphelp.dll
0x00007ffaf0770000 - 0x00007ffaf07c3000 	C:\windows\AppPatch\AppPatch64\AcGenral.DLL
0x00007ffafc820000 - 0x00007ffafc8ca000 	C:\windows\system32\msvcrt.dll
0x00007ffafa610000 - 0x00007ffafa63e000 	C:\windows\system32\SspiCli.dll
0x00007ffafa830000 - 0x00007ffafa884000 	C:\windows\system32\SHLWAPI.dll
0x00007ffafc5e0000 - 0x00007ffafc757000 	C:\windows\system32\USER32.dll
0x00007ffafcb70000 - 0x00007ffafcd04000 	C:\windows\system32\ole32.dll
0x00007ffafa900000 - 0x00007ffafbe2a000 	C:\windows\system32\SHELL32.dll
0x00007ffaf9730000 - 0x00007ffaf9751000 	C:\windows\SYSTEM32\USERENV.dll
0x00007ffafc530000 - 0x00007ffafc5da000 	C:\windows\system32\ADVAPI32.dll
0x00007ffaee170000 - 0x00007ffaee18e000 	C:\windows\SYSTEM32\MPR.dll
0x00007ffafcd10000 - 0x00007ffafce50000 	C:\windows\system32\RPCRT4.dll
0x00007ffafc1d0000 - 0x00007ffafc229000 	C:\windows\SYSTEM32\sechost.dll
0x00007ffafc950000 - 0x00007ffafcb61000 	C:\windows\SYSTEM32\combase.dll
0x00007ffafce60000 - 0x00007ffafcfb0000 	C:\windows\system32\GDI32.dll
0x00007ffafa0e0000 - 0x00007ffafa0f5000 	C:\windows\SYSTEM32\profapi.dll
0x00007ffaf81b0000 - 0x00007ffaf8262000 	C:\windows\SYSTEM32\SHCORE.dll
0x00007ffafbe30000 - 0x00007ffafbe66000 	C:\windows\system32\IMM32.DLL
0x00007ffafbe70000 - 0x00007ffafbfc2000 	C:\windows\system32\MSCTF.dll
0x00007ffaf7d30000 - 0x00007ffaf7fab000 	C:\windows\WinSxS\amd64_microsoft.windows.common-controls_6595b64144ccf1df_6.0.9600.18006_none_623f33d3ecbe86e8\COMCTL32.dll
0x0000000061c70000 - 0x0000000061d42000 	C:\Program Files\Java\jdk1.8.0_60\jre\bin\msvcr100.dll
0x0000000061360000 - 0x0000000061be9000 	C:\Program Files\Java\jdk1.8.0_60\jre\bin\server\jvm.dll
0x00007ffaf5160000 - 0x00007ffaf5169000 	C:\windows\SYSTEM32\WSOCK32.dll
0x00007ffaed400000 - 0x00007ffaed422000 	C:\windows\SYSTEM32\WINMM.dll
0x00007ffaf5300000 - 0x00007ffaf530a000 	C:\windows\SYSTEM32\VERSION.dll
0x00007ffafc520000 - 0x00007ffafc527000 	C:\windows\system32\PSAPI.DLL
0x00007ffafc230000 - 0x00007ffafc28a000 	C:\windows\system32\WS2_32.dll
0x00007ffaed3d0000 - 0x00007ffaed3fa000 	C:\windows\SYSTEM32\WINMMBASE.dll
0x00007ffafc510000 - 0x00007ffafc519000 	C:\windows\system32\NSI.dll
0x00007ffafa2d0000 - 0x00007ffafa31f000 	C:\windows\SYSTEM32\cfgmgr32.dll
0x00007ffaf8f10000 - 0x00007ffaf8f38000 	C:\windows\SYSTEM32\DEVOBJ.dll
0x0000000062550000 - 0x000000006255f000 	C:\Program Files\Java\jdk1.8.0_60\jre\bin\verify.dll
0x0000000062520000 - 0x0000000062549000 	C:\Program Files\Java\jdk1.8.0_60\jre\bin\java.dll
0x0000000062500000 - 0x0000000062516000 	C:\Program Files\Java\jdk1.8.0_60\jre\bin\zip.dll

VM Arguments:
jvm_args: -Djava.awt.headless=true -Xmx1024M -Dfile.encoding=GBK -Duser.country=CN -Duser.language=zh -Duser.variant 
java_command: com.android.dx.command.Main --dex --force-jumbo --num-threads=4 --output D:\projects\android\studio\workspace\bqmm-youyun-demo-android\app\build\intermediates\pre-dexed\debug\commons-fileupload-1.2.1_dfada70a38c71aaaa3fdef7550053d772a607a7c.jar D:\projects\android\studio\workspace\bqmm-youyun-demo-android\app\libs\commons-fileupload-1.2.1.jar
java_class_path (initial): D:\tools\android\studio\sdk\build-tools\23.0.3\lib\dx.jar
Launcher Type: SUN_STANDARD

Environment Variables:
JAVA_HOME=C:\Program Files\Java\jdk1.8.0_60
CLASSPATH=.;C:\Program Files\Java\jdk1.8.0_60\lib;C:\Program Files\Java\jdk1.8.0_60\lib\tools.jar
PATH=C:\ProgramData\Oracle\Java\javapath;C:\Program Files (x86)\Intel\iCLS Client\;C:\Program Files\Intel\iCLS Client\;C:\windows\system32;C:\windows;C:\windows\System32\Wbem;C:\windows\System32\WindowsPowerShell\v1.0\;C:\Program Files\Intel\Intel(R) Management Engine Components\DAL;C:\Program Files (x86)\Intel\Intel(R) Management Engine Components\DAL;C:\Program Files\Intel\Intel(R) Management Engine Components\IPT;C:\Program Files (x86)\Intel\Intel(R) Management Engine Components\IPT;C:\Program Files (x86)\ATI Technologies\ATI.ACE\Core-Static;C:\ProgramData\Lenovo\ReadyApps;D:\tools\android\eclipse\adt-bundle-windows-x86_64-20140321\platform-tools;C:\Program Files\nodejs\;C:\Program Files\Java\jdk1.8.0_60\bin;C:\Program Files\Java\jdk1.8.0_60\jre\bin;C:\Program Files\nodejs\node_globa
USERNAME=ÎÀ±ë
OS=Windows_NT
PROCESSOR_IDENTIFIER=Intel64 Family 6 Model 69 Stepping 1, GenuineIntel



---------------  S Y S T E M  ---------------

OS: Windows 8.1 , 64 bit Build 9600 (6.3.9600.17415)

CPU:total 4 (2 cores per cpu, 2 threads per core) family 6 model 69 stepping 1, cmov, cx8, fxsr, mmx, sse, sse2, sse3, ssse3, sse4.1, sse4.2, popcnt, avx, avx2, aes, clmul, erms, lzcnt, ht, tsc, tscinvbit, bmi1, bmi2

Memory: 4k page, physical 8310040k(1661528k free), swap 8310040k(15892k free)

vm_info: Java HotSpot(TM) 64-Bit Server VM (25.60-b23) for windows-amd64 JRE (1.8.0_60-b27), built on Aug  4 2015 11:06:27 by "java_re" with MS VC++ 10.0 (VS2010)

time: Thu Sep 08 17:03:40 2016
elapsed time: 3 seconds (0d 0h 0m 3s)

