#
# There is insufficient memory for the Java Runtime Environment to continue.
# Native memory allocation (malloc) failed to allocate 65552 bytes for Chunk::new
# Possible reasons:
#   The system is out of physical RAM or swap space
#   In 32 bit mode, the process size limit was hit
# Possible solutions:
#   Reduce memory load on the system
#   Increase physical memory or swap space
#   Check if swap backing store is full
#   Use 64 bit Java on a 64 bit OS
#   Decrease Java heap size (-Xmx/-Xms)
#   Decrease number of Java threads
#   Decrease Java thread stack sizes (-Xss)
#   Set larger code cache with -XX:ReservedCodeCacheSize=
# This output file may be truncated or incomplete.
#
#  Out of Memory Error (allocation.cpp:390), pid=5912, tid=8328
#
# JRE version: Java(TM) SE Runtime Environment (8.0_60-b27) (build 1.8.0_60-b27)
# Java VM: Java HotSpot(TM) 64-Bit Server VM (25.60-b23 mixed mode windows-amd64 compressed oops)
# Failed to write core dump. Minidumps are not enabled by default on client versions of Windows
#

---------------  T H R E A D  ---------------

Current thread (0x0000000016343000):  JavaThread "C2 CompilerThread1" daemon [_thread_in_native, id=8328, stack(0x0000000016740000,0x0000000016840000)]

Stack: [0x0000000016740000,0x0000000016840000]
[error occurred during error reporting (printing stack bounds), id 0xc0000005]

Native frames: (J=compiled Java code, j=interpreted, Vv=VM code, C=native code)


Current CompileTask:
C2:   2329 1327 %     4       com.android.dx.ssa.back.LivenessAnalyzer::run @ 78 (231 bytes)


---------------  P R O C E S S  ---------------

Java Threads: ( => current thread )
  0x00000000165f1000 JavaThread "pool-1-thread-4" [_thread_in_vm, id=4816, stack(0x0000000017740000,0x0000000017840000)]
  0x00000000165f0800 JavaThread "pool-1-thread-3" [_thread_in_Java, id=7840, stack(0x0000000017640000,0x0000000017740000)]
  0x00000000165ef800 JavaThread "pool-1-thread-2" [_thread_in_Java, id=6096, stack(0x0000000017540000,0x0000000017640000)]
  0x00000000165ef000 JavaThread "pool-2-thread-1" [_thread_blocked, id=8968, stack(0x0000000017440000,0x0000000017540000)]
  0x00000000165ec000 JavaThread "pool-1-thread-1" [_thread_in_Java, id=4392, stack(0x0000000017340000,0x0000000017440000)]
  0x00000000163c9800 JavaThread "Service Thread" daemon [_thread_blocked, id=8912, stack(0x0000000016940000,0x0000000016a40000)]
  0x0000000016346000 JavaThread "C1 CompilerThread2" daemon [_thread_blocked, id=7776, stack(0x0000000016840000,0x0000000016940000)]
=>0x0000000016343000 JavaThread "C2 CompilerThread1" daemon [_thread_in_native, id=8328, stack(0x0000000016740000,0x0000000016840000)]
  0x0000000014d4c000 JavaThread "C2 CompilerThread0" daemon [_thread_in_native, id=6632, stack(0x0000000016240000,0x0000000016340000)]
  0x0000000014cff000 JavaThread "Attach Listener" daemon [_thread_blocked, id=4932, stack(0x0000000016140000,0x0000000016240000)]
  0x0000000014cfe000 JavaThread "Signal Dispatcher" daemon [_thread_blocked, id=6024, stack(0x0000000016040000,0x0000000016140000)]
  0x0000000002616000 JavaThread "Finalizer" daemon [_thread_blocked, id=8404, stack(0x0000000015f40000,0x0000000016040000)]
  0x000000000260d800 JavaThread "Reference Handler" daemon [_thread_blocked, id=9100, stack(0x0000000015e40000,0x0000000015f40000)]
  0x000000000251e000 JavaThread "main" [_thread_in_Java, id=6988, stack(0x0000000002330000,0x0000000002430000)]

Other Threads:
  0x0000000014cb8000 VMThread [stack: 0x0000000015d40000,0x0000000015e40000] [id=1532]
  0x00000000163f5800 WatcherThread [stack: 0x0000000016a40000,0x0000000016b40000] [id=7416]

VM state:not at safepoint (normal execution)

VM Mutex/Monitor currently owned by a thread: None

Heap:
 PSYoungGen      total 38400K, used 21438K [0x00000000eab00000, 0x00000000ed580000, 0x0000000100000000)
  eden space 33280K, 49% used [0x00000000eab00000,0x00000000ebaf26b0,0x00000000ecb80000)
  from space 5120K, 99% used [0x00000000ecb80000,0x00000000ed07d3f8,0x00000000ed080000)
  to   space 5120K, 0% used [0x00000000ed080000,0x00000000ed080000,0x00000000ed580000)
 ParOldGen       total 87552K, used 1920K [0x00000000c0000000, 0x00000000c5580000, 0x00000000eab00000)
  object space 87552K, 2% used [0x00000000c0000000,0x00000000c01e0130,0x00000000c5580000)
 Metaspace       used 6086K, capacity 6964K, committed 7040K, reserved 1056768K
  class space    used 602K, capacity 620K, committed 640K, reserved 1048576K

Card table byte_map: [0x00000000119e0000,0x0000000011bf0000] byte_map_base: 0x00000000113e0000

Marking Bits: (ParMarkBitMap*) 0x0000000061b6a5b0
 Begin Bits: [0x0000000012150000, 0x0000000013150000)
 End Bits:   [0x0000000013150000, 0x0000000014150000)

Polling page: 0x0000000000880000

CodeCache: size=245760Kb used=5275Kb max_used=5288Kb free=240484Kb
 bounds [0x0000000002620000, 0x0000000002b50000, 0x0000000011620000]
 total_blobs=1592 nmethods=1321 adapters=184
 compilation: enabled

Compilation events (10 events):
Event: 2.299 Thread 0x0000000016343000 1327 %     4       com.android.dx.ssa.back.LivenessAnalyzer::run @ 78 (231 bytes)
Event: 2.307 Thread 0x0000000014d4c000 1328       4       java.util.ArrayList::subListRangeCheck (110 bytes)
Event: 2.308 Thread 0x0000000014d4c000 nmethod 1328 0x0000000002ab2d10 code [0x0000000002ab2e40, 0x0000000002ab2ed8]
Event: 2.308 Thread 0x0000000014d4c000 1329       4       java.util.ArrayList$SubList::size (9 bytes)
Event: 2.308 Thread 0x0000000014d4c000 nmethod 1329 0x0000000002b3b5d0 code [0x0000000002b3b700, 0x0000000002b3b798]
Event: 2.309 Thread 0x0000000014d4c000 1330       4       java.util.ArrayList$SubList::<init> (46 bytes)
Event: 2.309 Thread 0x0000000016346000 1331       1       java.util.ArrayList::elementData (7 bytes)
Event: 2.309 Thread 0x0000000016346000 nmethod 1331 0x0000000002b38d90 code [0x0000000002b38ee0, 0x0000000002b39010]
Event: 2.310 Thread 0x0000000014d4c000 nmethod 1330 0x0000000002b3b850 code [0x0000000002b3b980, 0x0000000002b3ba18]
Event: 2.310 Thread 0x0000000014d4c000 1332       4       com.android.dx.ssa.back.FirstFitLocalCombiningAllocator$1::processInsn (169 bytes)

GC Heap History (2 events):
Event: 1.557 GC heap before
{Heap before GC invocations=1 (full 0):
 PSYoungGen      total 38400K, used 33280K [0x00000000eab00000, 0x00000000ed580000, 0x0000000100000000)
  eden space 33280K, 100% used [0x00000000eab00000,0x00000000ecb80000,0x00000000ecb80000)
  from space 5120K, 0% used [0x00000000ed080000,0x00000000ed080000,0x00000000ed580000)
  to   space 5120K, 0% used [0x00000000ecb80000,0x00000000ecb80000,0x00000000ed080000)
 ParOldGen       total 87552K, used 0K [0x00000000c0000000, 0x00000000c5580000, 0x00000000eab00000)
  object space 87552K, 0% used [0x00000000c0000000,0x00000000c0000000,0x00000000c5580000)
 Metaspace       used 6005K, capacity 6900K, committed 7040K, reserved 1056768K
  class space    used 601K, capacity 620K, committed 640K, reserved 1048576K
Event: 1.902 GC heap after
Heap after GC invocations=1 (full 0):
 PSYoungGen      total 38400K, used 5108K [0x00000000eab00000, 0x00000000ed580000, 0x0000000100000000)
  eden space 33280K, 0% used [0x00000000eab00000,0x00000000eab00000,0x00000000ecb80000)
  from space 5120K, 99% used [0x00000000ecb80000,0x00000000ed07d3f8,0x00000000ed080000)
  to   space 5120K, 0% used [0x00000000ed080000,0x00000000ed080000,0x00000000ed580000)
 ParOldGen       total 87552K, used 1920K [0x00000000c0000000, 0x00000000c5580000, 0x00000000eab00000)
  object space 87552K, 2% used [0x00000000c0000000,0x00000000c01e0130,0x00000000c5580000)
 Metaspace       used 6005K, capacity 6900K, committed 7040K, reserved 1056768K
  class space    used 601K, capacity 620K, committed 640K, reserved 1048576K
}

Deoptimization events (10 events):
Event: 0.994 Thread 0x00000000165f0800 Uncommon trap: reason=unstable_if action=reinterpret pc=0x00000000028563c0 method=java.util.HashMap.getNode(ILjava/lang/Object;)Ljava/util/HashMap$Node; @ 62
Event: 1.201 Thread 0x00000000165ec000 Uncommon trap: reason=null_check action=make_not_entrant pc=0x00000000028cc268 method=com.android.dx.ssa.SsaRenamer.getLocalForNewReg(I)Lcom/android/dx/rop/code/LocalItem; @ 19
Event: 1.368 Thread 0x00000000165f0800 Uncommon trap: reason=unstable_if action=reinterpret pc=0x000000000297de6c method=com.android.dx.rop.code.RegisterSpecSet.put(Lcom/android/dx/rop/code/RegisterSpec;)V @ 77
Event: 1.368 Thread 0x00000000165f0800 Uncommon trap: reason=unstable_if action=reinterpret pc=0x00000000029c6e6c method=com.android.dx.rop.code.RegisterSpecSet.put(Lcom/android/dx/rop/code/RegisterSpec;)V @ 77
Event: 1.381 Thread 0x00000000165f0800 Uncommon trap: reason=unstable_if action=reinterpret pc=0x000000000288ee5c method=com.android.dx.rop.cst.Constant.compareTo(Lcom/android/dx/rop/cst/Constant;)I @ 12
Event: 1.444 Thread 0x00000000165f1000 Uncommon trap: reason=unstable_if action=reinterpret pc=0x00000000029e80bc method=com.android.dx.util.IntList.binarysearch(I)I @ 105
Event: 1.462 Thread 0x00000000165f1000 Uncommon trap: reason=unstable_if action=reinterpret pc=0x000000000290df3c method=com.android.dx.rop.code.RegisterSpec.equals(ILcom/android/dx/rop/type/TypeBearer;Lcom/android/dx/rop/code/LocalItem;)Z @ 42
Event: 1.960 Thread 0x00000000165f1000 Uncommon trap: reason=unstable_if action=reinterpret pc=0x000000000297fbc4 method=com.android.dx.ssa.SsaRenamer$BlockRenamer.addMapping(ILcom/android/dx/rop/code/RegisterSpec;)V @ 120
Event: 1.965 Thread 0x00000000165f1000 Uncommon trap: reason=unstable_if action=reinterpret pc=0x0000000002ada068 method=com.android.dx.ssa.SCCP.simulateStmt(Lcom/android/dx/ssa/SsaInsn;)V @ 59
Event: 2.076 Thread 0x00000000165ef800 Uncommon trap: reason=bimorphic action=maybe_recompile pc=0x0000000002abedb4 method=com.android.dx.cf.code.Merger.mergeType(Lcom/android/dx/rop/type/TypeBearer;Lcom/android/dx/rop/type/TypeBearer;)Lcom/android/dx/rop/type/TypeBearer; @ 6

Internal exceptions (3 events):
Event: 0.048 Thread 0x000000000251e000 Exception <a 'java/lang/NoSuchMethodError': Method sun.misc.Unsafe.defineClass(Ljava/lang/String;[BII)Ljava/lang/Class; name or signature does not match> (0x00000000eab12d30) thrown at [C:\re\workspace\8-2-build-windows-amd64-cygwin\jdk8u60\4407\hotspot\sr6\P‰´¤¨?
Event: 0.048 Thread 0x000000000251e000 Exception <a 'java/lang/NoSuchMethodError': Method sun.misc.Unsafe.prefetchRead(Ljava/lang/Object;J)V name or signature does not match> (0x00000000eab13018) thrown at [C:\re\workspace\8-2-build-windows-amd64-cygwin\jdk8u60\4407\hotspot\src\share\vm\prims\jšž:×8ó?
Event: 1.201 Thread 0x00000000165ec000 Implicit null exception at 0x00000000028ca6a3 to 0x00000000028cc241

Events (10 events):
Event: 1.960 Thread 0x00000000165f1000 DEOPT PACKING pc=0x000000000297fbc4 sp=0x000000001783eca0
Event: 1.960 Thread 0x00000000165f1000 DEOPT UNPACKING pc=0x000000000266582a sp=0x000000001783ec30 mode 2
Event: 1.965 Thread 0x00000000165f1000 Uncommon trap: trap_request=0xffffff65 fr.pc=0x0000000002ada068
Event: 1.965 Thread 0x00000000165f1000 DEOPT PACKING pc=0x0000000002ada068 sp=0x000000001783eea0
Event: 1.965 Thread 0x00000000165f1000 DEOPT UNPACKING pc=0x000000000266582a sp=0x000000001783ee68 mode 2
Event: 1.984 loading class com/android/dx/dex/file/FieldAnnotationStruct
Event: 1.985 loading class com/android/dx/dex/file/FieldAnnotationStruct done
Event: 2.076 Thread 0x00000000165ef800 Uncommon trap: trap_request=0xffffffc6 fr.pc=0x0000000002abedb4
Event: 2.076 Thread 0x00000000165ef800 DEOPT PACKING pc=0x0000000002abedb4 sp=0x000000001763e7c0
Event: 2.076 Thread 0x00000000165ef800 DEOPT UNPACKING pc=0x000000000266582a sp=0x000000001763e748 mode 2


Dynamic libraries:
0x00007ff703950000 - 0x00007ff703987000 	C:\Program Files\Java\jdk1.8.0_60\bin\java.exe
0x00007ffafcfb0000 - 0x00007ffafd15d000 	C:\windows\SYSTEM32\ntdll.dll
0x00007ffafc090000 - 0x00007ffafc1ce000 	C:\windows\system32\KERNEL32.DLL
0x00007ffafa1b0000 - 0x00007ffafa2c5000 	C:\windows\system32\KERNELBASE.dll
0x00007ffaf8cb0000 - 0x00007ffaf8d3e000 	C:\windows\system32\apphelp.dll
0x00007ffaf0770000 - 0x00007ffaf07c3000 	C:\windows\AppPatch\AppPatch64\AcGenral.DLL
0x00007ffafc820000 - 0x00007ffafc8ca000 	C:\windows\system32\msvcrt.dll
0x00007ffafa610000 - 0x00007ffafa63e000 	C:\windows\system32\SspiCli.dll
0x00007ffafa830000 - 0x00007ffafa884000 	C:\windows\system32\SHLWAPI.dll
0x00007ffafc5e0000 - 0x00007ffafc757000 	C:\windows\system32\USER32.dll
0x00007ffafcb70000 - 0x00007ffafcd04000 	C:\windows\system32\ole32.dll
0x00007ffafa900000 - 0x00007ffafbe2a000 	C:\windows\system32\SHELL32.dll
0x00007ffaf9730000 - 0x00007ffaf9751000 	C:\windows\SYSTEM32\USERENV.dll
0x00007ffafc530000 - 0x00007ffafc5da000 	C:\windows\system32\ADVAPI32.dll
0x00007ffaee170000 - 0x00007ffaee18e000 	C:\windows\SYSTEM32\MPR.dll
0x00007ffafcd10000 - 0x00007ffafce50000 	C:\windows\system32\RPCRT4.dll
0x00007ffafc1d0000 - 0x00007ffafc229000 	C:\windows\SYSTEM32\sechost.dll
0x00007ffafc950000 - 0x00007ffafcb61000 	C:\windows\SYSTEM32\combase.dll
0x00007ffafce60000 - 0x00007ffafcfb0000 	C:\windows\system32\GDI32.dll
0x00007ffafa0e0000 - 0x00007ffafa0f5000 	C:\windows\SYSTEM32\profapi.dll
0x00007ffaf81b0000 - 0x00007ffaf8262000 	C:\windows\SYSTEM32\SHCORE.dll
0x00007ffafbe30000 - 0x00007ffafbe66000 	C:\windows\system32\IMM32.DLL
0x00007ffafbe70000 - 0x00007ffafbfc2000 	C:\windows\system32\MSCTF.dll
0x00007ffaf7d30000 - 0x00007ffaf7fab000 	C:\windows\WinSxS\amd64_microsoft.windows.common-controls_6595b64144ccf1df_6.0.9600.18006_none_623f33d3ecbe86e8\COMCTL32.dll
0x0000000061c70000 - 0x0000000061d42000 	C:\Program Files\Java\jdk1.8.0_60\jre\bin\msvcr100.dll
0x0000000061360000 - 0x0000000061be9000 	C:\Program Files\Java\jdk1.8.0_60\jre\bin\server\jvm.dll
0x00007ffaf5160000 - 0x00007ffaf5169000 	C:\windows\SYSTEM32\WSOCK32.dll
0x00007ffaed400000 - 0x00007ffaed422000 	C:\windows\SYSTEM32\WINMM.dll
0x00007ffaf5300000 - 0x00007ffaf530a000 	C:\windows\SYSTEM32\VERSION.dll
0x00007ffafc520000 - 0x00007ffafc527000 	C:\windows\system32\PSAPI.DLL
0x00007ffafc230000 - 0x00007ffafc28a000 	C:\windows\system32\WS2_32.dll
0x00007ffaed3d0000 - 0x00007ffaed3fa000 	C:\windows\SYSTEM32\WINMMBASE.dll
0x00007ffafc510000 - 0x00007ffafc519000 	C:\windows\system32\NSI.dll
0x00007ffafa2d0000 - 0x00007ffafa31f000 	C:\windows\SYSTEM32\cfgmgr32.dll
0x00007ffaf8f10000 - 0x00007ffaf8f38000 	C:\windows\SYSTEM32\DEVOBJ.dll
0x0000000062550000 - 0x000000006255f000 	C:\Program Files\Java\jdk1.8.0_60\jre\bin\verify.dll
0x0000000062520000 - 0x0000000062549000 	C:\Program Files\Java\jdk1.8.0_60\jre\bin\java.dll
0x0000000062500000 - 0x0000000062516000 	C:\Program Files\Java\jdk1.8.0_60\jre\bin\zip.dll

VM Arguments:
jvm_args: -Djava.awt.headless=true -Xmx1024M -Dfile.encoding=GBK -Duser.country=CN -Duser.language=zh -Duser.variant 
java_command: com.android.dx.command.Main --dex --force-jumbo --num-threads=4 --output D:\projects\android\studio\workspace\bqmm-youyun-demo-android\app\build\intermediates\pre-dexed\debug\youyun-wchat-android-4.0.4_1aca4b57acf98c5a87a7ebb93c00014e109bce25.jar D:\projects\android\studio\workspace\bqmm-youyun-demo-android\app\libs\youyun-wchat-android-4.0.4.jar
java_class_path (initial): D:\tools\android\studio\sdk\build-tools\23.0.3\lib\dx.jar
Launcher Type: SUN_STANDARD

Environment Variables:
JAVA_HOME=C:\Program Files\Java\jdk1.8.0_60
CLASSPATH=.;C:\Program Files\Java\jdk1.8.0_60\lib;C:\Program Files\Java\jdk1.8.0_60\lib\tools.jar
PATH=C:\ProgramData\Oracle\Java\javapath;C:\Program Files (x86)\Intel\iCLS Client\;C:\Program Files\Intel\iCLS Client\;C:\windows\system32;C:\windows;C:\windows\System32\Wbem;C:\windows\System32\WindowsPowerShell\v1.0\;C:\Program Files\Intel\Intel(R) Management Engine Components\DAL;C:\Program Files (x86)\Intel\Intel(R) Management Engine Components\DAL;C:\Program Files\Intel\Intel(R) Management Engine Components\IPT;C:\Program Files (x86)\Intel\Intel(R) Management Engine Components\IPT;C:\Program Files (x86)\ATI Technologies\ATI.ACE\Core-Static;C:\ProgramData\Lenovo\ReadyApps;D:\tools\android\eclipse\adt-bundle-windows-x86_64-20140321\platform-tools;C:\Program Files\nodejs\;C:\Program Files\Java\jdk1.8.0_60\bin;C:\Program Files\Java\jdk1.8.0_60\jre\bin;C:\Program Files\nodejs\node_globa
USERNAME=ÎÀ±ë
OS=Windows_NT
PROCESSOR_IDENTIFIER=Intel64 Family 6 Model 69 Stepping 1, GenuineIntel



---------------  S Y S T E M  ---------------

OS: Windows 8.1 , 64 bit Build 9600 (6.3.9600.17415)

CPU:total 4 (2 cores per cpu, 2 threads per core) family 6 model 69 stepping 1, cmov, cx8, fxsr, mmx, sse, sse2, sse3, ssse3, sse4.1, sse4.2, popcnt, avx, avx2, aes, clmul, erms, lzcnt, ht, tsc, tscinvbit, bmi1, bmi2

Memory: 4k page, physical 8310040k(1809592k free), swap 8310040k(7296k free)

vm_info: Java HotSpot(TM) 64-Bit Server VM (25.60-b23) for windows-amd64 JRE (1.8.0_60-b27), built on Aug  4 2015 11:06:27 by "java_re" with MS VC++ 10.0 (VS2010)

time: Thu Sep 08 17:03:42 2016
elapsed time: 2 seconds (0d 0h 0m 2s)

