#
# There is insufficient memory for the Java Runtime Environment to continue.
# Native memory allocation (malloc) failed to allocate 449616 bytes for Chunk::new
# Possible reasons:
#   The system is out of physical RAM or swap space
#   In 32 bit mode, the process size limit was hit
# Possible solutions:
#   Reduce memory load on the system
#   Increase physical memory or swap space
#   Check if swap backing store is full
#   Use 64 bit Java on a 64 bit OS
#   Decrease Java heap size (-Xmx/-Xms)
#   Decrease number of Java threads
#   Decrease Java thread stack sizes (-Xss)
#   Set larger code cache with -XX:ReservedCodeCacheSize=
# This output file may be truncated or incomplete.
#
#  Out of Memory Error (allocation.cpp:390), pid=3776, tid=6376
#
# JRE version: Java(TM) SE Runtime Environment (8.0_60-b27) (build 1.8.0_60-b27)
# Java VM: Java HotSpot(TM) 64-Bit Server VM (25.60-b23 mixed mode windows-amd64 compressed oops)
# Failed to write core dump. Minidumps are not enabled by default on client versions of Windows
#

---------------  T H R E A D  ---------------

Current thread (0x00000000154cd000):  JavaThread "C2 CompilerThread0" daemon [_thread_in_native, id=6376, stack(0x00000000169c0000,0x0000000016ac0000)]

Stack: [0x00000000169c0000,0x0000000016ac0000]
[error occurred during error reporting (printing stack bounds), id 0xc0000005]

Native frames: (J=compiled Java code, j=interpreted, Vv=VM code, C=native code)


Current CompileTask:
C2:   2324 1373   !   4       com.android.dx.cf.code.BytecodeArray::parseInstruction (2764 bytes)


---------------  P R O C E S S  ---------------

Java Threads: ( => current thread )
  0x0000000016d49000 JavaThread "pool-1-thread-4" [_thread_in_Java, id=5728, stack(0x00000000176c0000,0x00000000177c0000)]
  0x0000000016d47800 JavaThread "pool-1-thread-3" [_thread_in_vm, id=8044, stack(0x00000000175c0000,0x00000000176c0000)]
  0x0000000016d47000 JavaThread "pool-1-thread-2" [_thread_in_Java, id=7244, stack(0x00000000174c0000,0x00000000175c0000)]
  0x0000000016d46000 JavaThread "pool-2-thread-1" [_thread_blocked, id=8344, stack(0x00000000173c0000,0x00000000174c0000)]
  0x0000000016d43000 JavaThread "pool-1-thread-1" [_thread_in_Java, id=7400, stack(0x00000000172c0000,0x00000000173c0000)]
  0x0000000016b2b800 JavaThread "Service Thread" daemon [_thread_blocked, id=6832, stack(0x00000000170c0000,0x00000000171c0000)]
  0x0000000016b19800 JavaThread "C1 CompilerThread2" daemon [_thread_blocked, id=7936, stack(0x0000000016fc0000,0x00000000170c0000)]
  0x0000000016b17000 JavaThread "C2 CompilerThread1" daemon [_thread_in_native, id=3736, stack(0x0000000016ec0000,0x0000000016fc0000)]
=>0x00000000154cd000 JavaThread "C2 CompilerThread0" daemon [_thread_in_native, id=6376, stack(0x00000000169c0000,0x0000000016ac0000)]
  0x00000000154ca000 JavaThread "Attach Listener" daemon [_thread_blocked, id=4064, stack(0x00000000168c0000,0x00000000169c0000)]
  0x000000001547e800 JavaThread "Signal Dispatcher" daemon [_thread_blocked, id=2324, stack(0x00000000167c0000,0x00000000168c0000)]
  0x0000000002d97800 JavaThread "Finalizer" daemon [_thread_blocked, id=1132, stack(0x00000000166c0000,0x00000000167c0000)]
  0x0000000015439000 JavaThread "Reference Handler" daemon [_thread_blocked, id=3280, stack(0x00000000165c0000,0x00000000166c0000)]
  0x000000000116e000 JavaThread "main" [_thread_in_Java, id=8904, stack(0x0000000002ba0000,0x0000000002ca0000)]

Other Threads:
  0x0000000015437000 VMThread [stack: 0x00000000164c0000,0x00000000165c0000] [id=7256]
  0x0000000016b28800 WatcherThread [stack: 0x00000000171c0000,0x00000000172c0000] [id=2868]

VM state:not at safepoint (normal execution)

VM Mutex/Monitor currently owned by a thread: None

Heap:
 PSYoungGen      total 38400K, used 35435K [0x00000000eab00000, 0x00000000ed580000, 0x0000000100000000)
  eden space 33280K, 91% used [0x00000000eab00000,0x00000000ec8a2bd0,0x00000000ecb80000)
  from space 5120K, 99% used [0x00000000ecb80000,0x00000000ed078160,0x00000000ed080000)
  to   space 5120K, 0% used [0x00000000ed080000,0x00000000ed080000,0x00000000ed580000)
 ParOldGen       total 87552K, used 401K [0x00000000c0000000, 0x00000000c5580000, 0x00000000eab00000)
  object space 87552K, 0% used [0x00000000c0000000,0x00000000c00644d8,0x00000000c5580000)
 Metaspace       used 6187K, capacity 7030K, committed 7296K, reserved 1056768K
  class space    used 607K, capacity 622K, committed 640K, reserved 1048576K

Card table byte_map: [0x0000000012160000,0x0000000012370000] byte_map_base: 0x0000000011b60000

Marking Bits: (ParMarkBitMap*) 0x0000000061b6a5b0
 Begin Bits: [0x00000000128d0000, 0x00000000138d0000)
 End Bits:   [0x00000000138d0000, 0x00000000148d0000)

Polling page: 0x0000000001080000

CodeCache: size=245760Kb used=6013Kb max_used=6013Kb free=239746Kb
 bounds [0x0000000002da0000, 0x0000000003390000, 0x0000000011da0000]
 total_blobs=1710 nmethods=1438 adapters=184
 compilation: enabled

Compilation events (10 events):
Event: 2.287 Thread 0x0000000016b19800 1444       3       com.android.dx.util.IntList::equals (82 bytes)
Event: 2.288 Thread 0x0000000016b19800 nmethod 1444 0x0000000003380150 code [0x00000000033802e0, 0x0000000003380890]
Event: 2.288 Thread 0x0000000016b19800 1445       3       com.android.dx.dex.file.EncodedField::<init> (25 bytes)
Event: 2.288 Thread 0x0000000016b19800 nmethod 1445 0x0000000003380a90 code [0x0000000003380c20, 0x0000000003380f48]
Event: 2.290 Thread 0x0000000016b19800 1446   !   3       com.android.dx.rop.code.RegisterSpecSet::put (104 bytes)
Event: 2.292 Thread 0x0000000016b19800 nmethod 1446 0x0000000003381090 code [0x00000000033812e0, 0x0000000003382288]
Event: 2.292 Thread 0x0000000016b19800 1447       3       com.android.dx.ssa.SsaRenamer::<init> (100 bytes)
Event: 2.292 Thread 0x0000000016b19800 nmethod 1447 0x0000000003382c10 code [0x0000000003382e00, 0x0000000003383908]
Event: 2.292 Thread 0x0000000016b19800 1448       3       com.android.dx.rop.code.RegisterSpecSet::mutableCopy (57 bytes)
Event: 2.293 Thread 0x0000000016b19800 nmethod 1448 0x0000000003383d90 code [0x0000000003383f40, 0x0000000003384508]

GC Heap History (2 events):
Event: 1.574 GC heap before
{Heap before GC invocations=1 (full 0):
 PSYoungGen      total 38400K, used 33280K [0x00000000eab00000, 0x00000000ed580000, 0x0000000100000000)
  eden space 33280K, 100% used [0x00000000eab00000,0x00000000ecb80000,0x00000000ecb80000)
  from space 5120K, 0% used [0x00000000ed080000,0x00000000ed080000,0x00000000ed580000)
  to   space 5120K, 0% used [0x00000000ecb80000,0x00000000ecb80000,0x00000000ed080000)
 ParOldGen       total 87552K, used 0K [0x00000000c0000000, 0x00000000c5580000, 0x00000000eab00000)
  object space 87552K, 0% used [0x00000000c0000000,0x00000000c0000000,0x00000000c5580000)
 Metaspace       used 5941K, capacity 6836K, committed 7040K, reserved 1056768K
  class space    used 605K, capacity 620K, committed 640K, reserved 1048576K
Event: 1.584 GC heap after
Heap after GC invocations=1 (full 0):
 PSYoungGen      total 38400K, used 5088K [0x00000000eab00000, 0x00000000ed580000, 0x0000000100000000)
  eden space 33280K, 0% used [0x00000000eab00000,0x00000000eab00000,0x00000000ecb80000)
  from space 5120K, 99% used [0x00000000ecb80000,0x00000000ed078160,0x00000000ed080000)
  to   space 5120K, 0% used [0x00000000ed080000,0x00000000ed080000,0x00000000ed580000)
 ParOldGen       total 87552K, used 401K [0x00000000c0000000, 0x00000000c5580000, 0x00000000eab00000)
  object space 87552K, 0% used [0x00000000c0000000,0x00000000c00644d8,0x00000000c5580000)
 Metaspace       used 5941K, capacity 6836K, committed 7040K, reserved 1056768K
  class space    used 605K, capacity 620K, committed 640K, reserved 1048576K
}

Deoptimization events (10 events):
Event: 1.597 Thread 0x0000000016d47000 Uncommon trap: reason=unstable_if action=reinterpret pc=0x0000000002fc33f0 method=java.util.BitSet.nextSetBit(I)I @ 87
Event: 1.664 Thread 0x0000000016d49000 Uncommon trap: reason=class_check action=maybe_recompile pc=0x00000000030a24e8 method=com.android.dx.rop.type.Type.equals(Ljava/lang/Object;)Z @ 8
Event: 1.664 Thread 0x0000000016d49000 Uncommon trap: reason=class_check action=maybe_recompile pc=0x00000000030a24e8 method=com.android.dx.rop.type.Type.equals(Ljava/lang/Object;)Z @ 8
Event: 1.664 Thread 0x0000000016d49000 Uncommon trap: reason=class_check action=maybe_recompile pc=0x00000000030a24e8 method=com.android.dx.rop.type.Type.equals(Ljava/lang/Object;)Z @ 8
Event: 1.674 Thread 0x0000000016d49000 Uncommon trap: reason=class_check action=maybe_recompile pc=0x000000000310c558 method=com.android.dx.rop.type.Type.equals(Ljava/lang/Object;)Z @ 8
Event: 1.674 Thread 0x0000000016d49000 Uncommon trap: reason=class_check action=maybe_recompile pc=0x00000000030d5520 method=com.android.dx.rop.type.Type.equals(Ljava/lang/Object;)Z @ 8
Event: 1.676 Thread 0x0000000016d49000 Uncommon trap: reason=class_check action=maybe_recompile pc=0x00000000030a3710 method=com.android.dx.rop.type.Type.equals(Ljava/lang/Object;)Z @ 8
Event: 1.875 Thread 0x000000000116e000 Uncommon trap: reason=unloaded action=reinterpret pc=0x0000000003197814 method=com.android.dx.cf.cst.ConstantPoolParser.parse0(ILjava/util/BitSet;)Lcom/android/dx/rop/cst/Constant; @ 198
Event: 2.290 Thread 0x000000000116e000 Uncommon trap: reason=unstable_if action=reinterpret pc=0x0000000003178fac method=com.android.dx.rop.code.RegisterSpecSet.put(Lcom/android/dx/rop/code/RegisterSpec;)V @ 77
Event: 2.290 Thread 0x000000000116e000 Uncommon trap: reason=unstable_if action=reinterpret pc=0x00000000031ab86c method=com.android.dx.rop.code.RegisterSpecSet.put(Lcom/android/dx/rop/code/RegisterSpec;)V @ 77

Internal exceptions (3 events):
Event: 0.058 Thread 0x000000000116e000 Exception <a 'java/lang/NoSuchMethodError': Method sun.misc.Unsafe.defineClass(Ljava/lang/String;[BII)Ljava/lang/Class; name or signature does not match> (0x00000000eab13080) thrown at [C:\re\workspace\8-2-build-windows-amd64-cygwin\jdk8u60\4407\hotspot\srVãù#î≠?
Event: 0.058 Thread 0x000000000116e000 Exception <a 'java/lang/NoSuchMethodError': Method sun.misc.Unsafe.prefetchRead(Ljava/lang/Object;J)V name or signature does not match> (0x00000000eab13368) thrown at [C:\re\workspace\8-2-build-windows-amd64-cygwin\jdk8u60\4407\hotspot\src\share\vm\prims\j˘—Y&ˆÜ˘?
Event: 1.595 Thread 0x0000000016d47000 Implicit null exception at 0x000000000309f722 to 0x000000000309f829

Events (10 events):
Event: 1.875 Thread 0x000000000116e000 DEOPT PACKING pc=0x0000000003197814 sp=0x0000000002c9e9b0
Event: 1.875 Thread 0x000000000116e000 DEOPT UNPACKING pc=0x0000000002de582a sp=0x0000000002c9e978 mode 2
Event: 2.065 Executing VM operation: ForceSafepoint
Event: 2.080 Executing VM operation: ForceSafepoint done
Event: 2.290 Thread 0x000000000116e000 Uncommon trap: trap_request=0xffffff65 fr.pc=0x0000000003178fac
Event: 2.290 Thread 0x000000000116e000 DEOPT PACKING pc=0x0000000003178fac sp=0x0000000002c9e360
Event: 2.290 Thread 0x000000000116e000 DEOPT UNPACKING pc=0x0000000002de582a sp=0x0000000002c9e2e8 mode 2
Event: 2.290 Thread 0x000000000116e000 Uncommon trap: trap_request=0xffffff65 fr.pc=0x00000000031ab86c
Event: 2.290 Thread 0x000000000116e000 DEOPT PACKING pc=0x00000000031ab86c sp=0x0000000002c9e350
Event: 2.290 Thread 0x000000000116e000 DEOPT UNPACKING pc=0x0000000002de582a sp=0x0000000002c9e270 mode 2


Dynamic libraries:
0x00007ff703950000 - 0x00007ff703987000 	C:\Program Files\Java\jdk1.8.0_60\bin\java.exe
0x00007ffafcfb0000 - 0x00007ffafd15d000 	C:\windows\SYSTEM32\ntdll.dll
0x00007ffafc090000 - 0x00007ffafc1ce000 	C:\windows\system32\KERNEL32.DLL
0x00007ffafa1b0000 - 0x00007ffafa2c5000 	C:\windows\system32\KERNELBASE.dll
0x00007ffaf8cb0000 - 0x00007ffaf8d3e000 	C:\windows\system32\apphelp.dll
0x00007ffaf0770000 - 0x00007ffaf07c3000 	C:\windows\AppPatch\AppPatch64\AcGenral.DLL
0x00007ffafc820000 - 0x00007ffafc8ca000 	C:\windows\system32\msvcrt.dll
0x00007ffafa610000 - 0x00007ffafa63e000 	C:\windows\system32\SspiCli.dll
0x00007ffafa830000 - 0x00007ffafa884000 	C:\windows\system32\SHLWAPI.dll
0x00007ffafc5e0000 - 0x00007ffafc757000 	C:\windows\system32\USER32.dll
0x00007ffafcb70000 - 0x00007ffafcd04000 	C:\windows\system32\ole32.dll
0x00007ffafa900000 - 0x00007ffafbe2a000 	C:\windows\system32\SHELL32.dll
0x00007ffaf9730000 - 0x00007ffaf9751000 	C:\windows\SYSTEM32\USERENV.dll
0x00007ffafc530000 - 0x00007ffafc5da000 	C:\windows\system32\ADVAPI32.dll
0x00007ffaee170000 - 0x00007ffaee18e000 	C:\windows\SYSTEM32\MPR.dll
0x00007ffafcd10000 - 0x00007ffafce50000 	C:\windows\system32\RPCRT4.dll
0x00007ffafc1d0000 - 0x00007ffafc229000 	C:\windows\SYSTEM32\sechost.dll
0x00007ffafc950000 - 0x00007ffafcb61000 	C:\windows\SYSTEM32\combase.dll
0x00007ffafce60000 - 0x00007ffafcfb0000 	C:\windows\system32\GDI32.dll
0x00007ffafa0e0000 - 0x00007ffafa0f5000 	C:\windows\SYSTEM32\profapi.dll
0x00007ffaf81b0000 - 0x00007ffaf8262000 	C:\windows\SYSTEM32\SHCORE.dll
0x00007ffafbe30000 - 0x00007ffafbe66000 	C:\windows\system32\IMM32.DLL
0x00007ffafbe70000 - 0x00007ffafbfc2000 	C:\windows\system32\MSCTF.dll
0x00007ffaf7d30000 - 0x00007ffaf7fab000 	C:\windows\WinSxS\amd64_microsoft.windows.common-controls_6595b64144ccf1df_6.0.9600.18006_none_623f33d3ecbe86e8\COMCTL32.dll
0x0000000061c70000 - 0x0000000061d42000 	C:\Program Files\Java\jdk1.8.0_60\jre\bin\msvcr100.dll
0x0000000061360000 - 0x0000000061be9000 	C:\Program Files\Java\jdk1.8.0_60\jre\bin\server\jvm.dll
0x00007ffaf5160000 - 0x00007ffaf5169000 	C:\windows\SYSTEM32\WSOCK32.dll
0x00007ffaed400000 - 0x00007ffaed422000 	C:\windows\SYSTEM32\WINMM.dll
0x00007ffaf5300000 - 0x00007ffaf530a000 	C:\windows\SYSTEM32\VERSION.dll
0x00007ffafc520000 - 0x00007ffafc527000 	C:\windows\system32\PSAPI.DLL
0x00007ffafc230000 - 0x00007ffafc28a000 	C:\windows\system32\WS2_32.dll
0x00007ffaed3d0000 - 0x00007ffaed3fa000 	C:\windows\SYSTEM32\WINMMBASE.dll
0x00007ffafc510000 - 0x00007ffafc519000 	C:\windows\system32\NSI.dll
0x00007ffafa2d0000 - 0x00007ffafa31f000 	C:\windows\SYSTEM32\cfgmgr32.dll
0x00007ffaf8f10000 - 0x00007ffaf8f38000 	C:\windows\SYSTEM32\DEVOBJ.dll
0x0000000062550000 - 0x000000006255f000 	C:\Program Files\Java\jdk1.8.0_60\jre\bin\verify.dll
0x0000000062520000 - 0x0000000062549000 	C:\Program Files\Java\jdk1.8.0_60\jre\bin\java.dll
0x0000000062500000 - 0x0000000062516000 	C:\Program Files\Java\jdk1.8.0_60\jre\bin\zip.dll

VM Arguments:
jvm_args: -Djava.awt.headless=true -Xmx1024M -Dfile.encoding=GBK -Duser.country=CN -Duser.language=zh -Duser.variant 
java_command: com.android.dx.command.Main --dex --force-jumbo --num-threads=4 --output D:\projects\android\studio\workspace\bqmm-youyun-demo-android\app\build\intermediates\pre-dexed\debug\com.android.support-support-v4-23.4.0_4ec928d6c3b5d93ee1533077a0ce8a98e84cb6f5.jar D:\projects\android\studio\workspace\bqmm-youyun-demo-android\app\build\intermediates\exploded-aar\com.android.support\support-v4\23.4.0\jars\classes.jar
java_class_path (initial): D:\tools\android\studio\sdk\build-tools\23.0.3\lib\dx.jar
Launcher Type: SUN_STANDARD

Environment Variables:
JAVA_HOME=C:\Program Files\Java\jdk1.8.0_60
CLASSPATH=.;C:\Program Files\Java\jdk1.8.0_60\lib;C:\Program Files\Java\jdk1.8.0_60\lib\tools.jar
PATH=C:\ProgramData\Oracle\Java\javapath;C:\Program Files (x86)\Intel\iCLS Client\;C:\Program Files\Intel\iCLS Client\;C:\windows\system32;C:\windows;C:\windows\System32\Wbem;C:\windows\System32\WindowsPowerShell\v1.0\;C:\Program Files\Intel\Intel(R) Management Engine Components\DAL;C:\Program Files (x86)\Intel\Intel(R) Management Engine Components\DAL;C:\Program Files\Intel\Intel(R) Management Engine Components\IPT;C:\Program Files (x86)\Intel\Intel(R) Management Engine Components\IPT;C:\Program Files (x86)\ATI Technologies\ATI.ACE\Core-Static;C:\ProgramData\Lenovo\ReadyApps;D:\tools\android\eclipse\adt-bundle-windows-x86_64-20140321\platform-tools;C:\Program Files\nodejs\;C:\Program Files\Java\jdk1.8.0_60\bin;C:\Program Files\Java\jdk1.8.0_60\jre\bin;C:\Program Files\nodejs\node_globa
USERNAME=Œ¿±Î
OS=Windows_NT
PROCESSOR_IDENTIFIER=Intel64 Family 6 Model 69 Stepping 1, GenuineIntel



---------------  S Y S T E M  ---------------

OS: Windows 8.1 , 64 bit Build 9600 (6.3.9600.17415)

CPU:total 4 (2 cores per cpu, 2 threads per core) family 6 model 69 stepping 1, cmov, cx8, fxsr, mmx, sse, sse2, sse3, ssse3, sse4.1, sse4.2, popcnt, avx, avx2, aes, clmul, erms, lzcnt, ht, tsc, tscinvbit, bmi1, bmi2

Memory: 4k page, physical 8310040k(1809140k free), swap 8310040k(5196k free)

vm_info: Java HotSpot(TM) 64-Bit Server VM (25.60-b23) for windows-amd64 JRE (1.8.0_60-b27), built on Aug  4 2015 11:06:27 by "java_re" with MS VC++ 10.0 (VS2010)

time: Thu Sep 08 17:03:42 2016
elapsed time: 2 seconds (0d 0h 0m 2s)

